mode: set
MyEcommerce/features/order/service/logic.go:12.69,16.2 1 1
MyEcommerce/features/order/service/logic.go:18.124,19.23 1 1
MyEcommerce/features/order/service/logic.go:19.23,21.3 1 1
MyEcommerce/features/order/service/logic.go:22.2,22.30 1 1
MyEcommerce/features/order/service/logic.go:22.30,24.3 1 1
MyEcommerce/features/order/service/logic.go:26.2,27.16 2 1
MyEcommerce/features/order/service/logic.go:27.16,29.3 1 1
MyEcommerce/features/order/service/logic.go:31.2,31.21 1 1
MyEcommerce/features/order/service/logic.go:35.86,38.2 2 1
MyEcommerce/features/order/service/logic.go:41.87,42.15 1 1
MyEcommerce/features/order/service/logic.go:42.15,44.3 1 1
MyEcommerce/features/order/service/logic.go:46.2,46.16 1 1
MyEcommerce/features/order/service/logic.go:46.16,48.3 1 1
MyEcommerce/features/order/service/logic.go:50.2,51.20 2 1
MyEcommerce/features/order/service/logic.go:55.103,56.28 1 1
MyEcommerce/features/order/service/logic.go:56.28,58.3 1 1
MyEcommerce/features/order/service/logic.go:60.2,61.12 2 1
MyEcommerce/features/order/service/logic.go:65.74,66.23 1 1
MyEcommerce/features/order/service/logic.go:66.23,68.3 1 1
MyEcommerce/features/order/service/logic.go:70.2,71.16 2 1
MyEcommerce/features/order/service/logic.go:71.16,73.3 1 1
MyEcommerce/features/order/service/logic.go:75.2,75.12 1 1
