mode: set
MyEcommerce/features/product/service/logic.go:12.77,16.2 1 1
MyEcommerce/features/product/service/logic.go:18.77,19.22 1 1
MyEcommerce/features/product/service/logic.go:19.22,21.3 1 1
MyEcommerce/features/product/service/logic.go:23.2,23.22 1 1
MyEcommerce/features/product/service/logic.go:23.22,25.3 1 1
MyEcommerce/features/product/service/logic.go:27.2,28.16 2 1
MyEcommerce/features/product/service/logic.go:28.16,30.3 1 1
MyEcommerce/features/product/service/logic.go:32.2,32.12 1 1
MyEcommerce/features/product/service/logic.go:36.75,37.15 1 1
MyEcommerce/features/product/service/logic.go:37.15,39.3 1 1
MyEcommerce/features/product/service/logic.go:41.2,41.16 1 1
MyEcommerce/features/product/service/logic.go:41.16,43.3 1 1
MyEcommerce/features/product/service/logic.go:45.2,46.16 2 1
MyEcommerce/features/product/service/logic.go:46.16,48.3 1 1
MyEcommerce/features/product/service/logic.go:50.2,50.22 1 1
MyEcommerce/features/product/service/logic.go:54.73,57.2 2 1
MyEcommerce/features/product/service/logic.go:60.77,62.16 2 1
MyEcommerce/features/product/service/logic.go:62.16,64.3 1 1
MyEcommerce/features/product/service/logic.go:65.2,65.12 1 1
MyEcommerce/features/product/service/logic.go:69.72,71.16 2 1
MyEcommerce/features/product/service/logic.go:71.16,73.3 1 1
MyEcommerce/features/product/service/logic.go:75.2,75.12 1 1
MyEcommerce/features/product/service/logic.go:79.80,81.16 2 1
MyEcommerce/features/product/service/logic.go:81.16,83.3 1 1
MyEcommerce/features/product/service/logic.go:84.2,84.22 1 1
MyEcommerce/features/product/service/logic.go:88.72,90.16 2 1
MyEcommerce/features/product/service/logic.go:90.16,92.3 1 1
MyEcommerce/features/product/service/logic.go:93.2,93.22 1 1
