mode: set
MyEcommerce/features/cart/service/logic.go:12.65,16.2 1 1
MyEcommerce/features/cart/service/logic.go:19.69,21.16 2 1
MyEcommerce/features/cart/service/logic.go:21.16,23.3 1 1
MyEcommerce/features/cart/service/logic.go:24.2,24.12 1 1
MyEcommerce/features/cart/service/logic.go:28.70,30.16 2 1
MyEcommerce/features/cart/service/logic.go:30.16,32.3 1 1
MyEcommerce/features/cart/service/logic.go:33.2,33.12 1 1
MyEcommerce/features/cart/service/logic.go:37.66,40.2 2 1
MyEcommerce/features/cart/service/logic.go:43.87,45.16 2 1
MyEcommerce/features/cart/service/logic.go:45.16,47.3 1 1
MyEcommerce/features/cart/service/logic.go:48.2,48.12 1 1
